Using pre-set license
Built from '2022.2/staging' branch; Version is '2022.2.12f1 (022dac4955a3) revision 142764'; Using compiler version '192829333'; Build Type 'Release'
OS: 'Windows 10  (10.0.19045) 64bit ProfessionalWorkstation' Language: 'en' Physical Memory: 65410 MB
BatchMode: 1, IsHumanControllingUs: 0, StartBugReporterOnCrash: 0, Is64bit: 1, IsPro: 1

COMMAND LINE ARGUMENTS:
D:\Unity\2022.2.12f1\Editor\Unity.exe
-adb2
-batchMode
-noUpm
-name
AssetImportWorker1
-projectPath
C:/Users/Phoenix/Desktop/Unity Upload/Bingo-Lucky-Pary
-logFile
Logs/AssetImportWorker1.log
-srvPort
52930
Successfully changed project path to: C:/Users/Phoenix/Desktop/Unity Upload/Bingo-Lucky-Pary
C:/Users/Phoenix/Desktop/Unity Upload/Bingo-Lucky-Pary
[UnityMemory] Configuration Parameters - Can be set up in boot.config
    "memorysetup-bucket-allocator-granularity=16"
    "memorysetup-bucket-allocator-bucket-count=8"
    "memorysetup-bucket-allocator-block-size=33554432"
    "memorysetup-bucket-allocator-block-count=8"
    "memorysetup-main-allocator-block-size=16777216"
    "memorysetup-thread-allocator-block-size=16777216"
    "memorysetup-gfx-main-allocator-block-size=16777216"
    "memorysetup-gfx-thread-allocator-block-size=16777216"
    "memorysetup-cache-allocator-block-size=4194304"
    "memorysetup-typetree-allocator-block-size=2097152"
    "memorysetup-profiler-bucket-allocator-granularity=16"
    "memorysetup-profiler-bucket-allocator-bucket-count=8"
    "memorysetup-profiler-bucket-allocator-block-size=33554432"
    "memorysetup-profiler-bucket-allocator-block-count=8"
    "memorysetup-profiler-allocator-block-size=16777216"
    "memorysetup-profiler-editor-allocator-block-size=1048576"
    "memorysetup-temp-allocator-size-main=16777216"
    "memorysetup-job-temp-allocator-block-size=2097152"
    "memorysetup-job-temp-allocator-block-size-background=1048576"
    "memorysetup-job-temp-allocator-reduction-small-platforms=262144"
    "memorysetup-temp-allocator-size-background-worker=32768"
    "memorysetup-temp-allocator-size-job-worker=262144"
    "memorysetup-temp-allocator-size-preload-manager=33554432"
    "memorysetup-temp-allocator-size-nav-mesh-worker=65536"
    "memorysetup-temp-allocator-size-audio-worker=65536"
    "memorysetup-temp-allocator-size-cloud-worker=32768"
    "memorysetup-temp-allocator-size-gi-baking-worker=262144"
    "memorysetup-temp-allocator-size-gfx=262144"
Player connection [42220] Host "[IP] 10.20.0.211 [Port] 0 [Flags] 2 [Guid] 1279708827 [EditorId] 1279708827 [Version] 1048832 [Id] WindowsEditor(7,Phoenix-175) [Debug] 1 [PackageName] WindowsEditor [ProjectName] Editor" joined multi-casting on [225.0.0.222:54997]...

Player connection [42220] Host "[IP] 10.20.0.211 [Port] 0 [Flags] 2 [Guid] 1279708827 [EditorId] 1279708827 [Version] 1048832 [Id] WindowsEditor(7,Phoenix-175) [Debug] 1 [PackageName] WindowsEditor [ProjectName] Editor" joined alternative multi-casting on [225.0.0.222:34997]...

Refreshing native plugins compatible for Editor in 33.59 ms, found 4 plugins.
Preloading 0 native plugins for Editor in 0.00 ms.
Initialize engine version: 2022.2.12f1 (022dac4955a3)
[Subsystems] Discovering subsystems at path D:/Unity/2022.2.12f1/Editor/Data/Resources/UnitySubsystems
[Subsystems] Discovering subsystems at path C:/Users/Phoenix/Desktop/Unity Upload/Bingo-Lucky-Pary/Assets
GfxDevice: creating device client; threaded=0; jobified=0
Direct3D:
    Version:  Direct3D 11.0 [level 11.0]
    Renderer: NVIDIA GeForce GT 730 (ID=0x1287)
    Vendor:   NVIDIA
    VRAM:     2007 MB
    Driver:   27.21.14.5671
Initialize mono
Mono path[0] = 'D:/Unity/2022.2.12f1/Editor/Data/Managed'
Mono path[1] = 'D:/Unity/2022.2.12f1/Editor/Data/MonoBleedingEdge/lib/mono/unityjit-win32'
Mono config path = 'D:/Unity/2022.2.12f1/Editor/Data/MonoBleedingEdge/etc'
Using monoOptions --debugger-agent=transport=dt_socket,embedding=1,server=y,suspend=n,address=127.0.0.1:56216
Begin MonoManager ReloadAssembly
Registering precompiled unity dll's ...
Register platform support module: D:/Unity/2022.2.12f1/Editor/Data/PlaybackEngines/AndroidPlayer/UnityEditor.Android.Extensions.dll
Register platform support module: D:/Unity/2022.2.12f1/Editor/Data/PlaybackEngines/iOSSupport/UnityEditor.iOS.Extensions.dll
Register platform support module: D:/Unity/2022.2.12f1/Editor/Data/PlaybackEngines/AppleTVSupport/UnityEditor.AppleTV.Extensions.dll
Register platform support module: D:/Unity/2022.2.12f1/Editor/Data/PlaybackEngines/WindowsStandaloneSupport/UnityEditor.WindowsStandalone.Extensions.dll
Registered in 0.009647 seconds.
- Loaded All Assemblies, in  0.480 seconds
Native extension for WindowsStandalone target not found
[usbmuxd] Start listen thread
[usbmuxd] Listen thread started
Native extension for AppleTV target not found
[usbmuxd] Start listen thread
[usbmuxd] Listen thread started
Native extension for iOS target not found
Native extension for Android target not found
Android Extension - Scanning For ADB Devices 510 ms
Mono: successfully reloaded assembly
- Finished resetting the current domain, in  0.956 seconds
Domain Reload Profiling:
	ReloadAssembly (267ms)
		BeginReloadAssembly (117ms)
			ExecutionOrderSort (0ms)
			DisableScriptedObjects (0ms)
			BackupInstance (0ms)
			ReleaseScriptingObjects (0ms)
			CreateAndSetChildDomain (1ms)
		LoadAllAssembliesAndSetupDomain (0ms)
			LoadAssemblies (117ms)
			RebuildTransferFunctionScriptingTraits (0ms)
			SetupTypeCache (206ms)
				TypeCache.Initialize (205ms)
					TypeCache.ScanAssembly (203ms)
				ResolveRequiredComponents (1ms)
		FinalizeReload (0ms)
			ReleaseScriptCaches (0ms)
			RebuildScriptCaches (0ms)
			SetupLoadedEditorAssemblies (860ms)
				LogAssemblyErrors (0ms)
				InitializePlatformSupportModulesInManaged (649ms)
				SetLoadedEditorAssemblies (5ms)
				RefreshPlugins (0ms)
				BeforeProcessingInitializeOnLoad (1ms)
				ProcessInitializeOnLoadAttributes (143ms)
				ProcessInitializeOnLoadMethodAttributes (61ms)
				AfterProcessingInitializeOnLoad (0ms)
				EditorAssembliesLoaded (0ms)
			ExecutionOrderSort2 (0ms)
			AwakeInstancesAfterBackupRestoration (0ms)
========================================================================
Worker process is ready to serve import requests
Begin MonoManager ReloadAssembly
Symbol file LoadedFromMemory doesn't match image C:\Users\Phoenix\Desktop\Unity Upload\Bingo-Lucky-Pary\Library\PackageCache\com.unity.visualscripting@1.8.0\Editor\VisualScripting.Core\Dependencies\YamlDotNet\Unity.VisualScripting.YamlDotNet.dll
Symbol file LoadedFromMemory doesn't match image C:\Users\Phoenix\Desktop\Unity Upload\Bingo-Lucky-Pary\Library\PackageCache\com.unity.visualscripting@1.8.0\Editor\VisualScripting.Core\Dependencies\DotNetZip\Unity.VisualScripting.IonicZip.dll
- Loaded All Assemblies, in  1.119 seconds
Refreshing native plugins compatible for Editor in 11.86 ms, found 4 plugins.
Native extension for WindowsStandalone target not found
Native extension for AppleTV target not found
Native extension for iOS target not found
Native extension for Android target not found
Mono: successfully reloaded assembly
- Finished resetting the current domain, in  0.941 seconds
Domain Reload Profiling:
	ReloadAssembly (309ms)
		BeginReloadAssembly (184ms)
			ExecutionOrderSort (0ms)
			DisableScriptedObjects (10ms)
			BackupInstance (0ms)
			ReleaseScriptingObjects (0ms)
			CreateAndSetChildDomain (38ms)
		LoadAllAssembliesAndSetupDomain (807ms)
			LoadAssemblies (434ms)
			RebuildTransferFunctionScriptingTraits (0ms)
			SetupTypeCache (454ms)
				TypeCache.Initialize (415ms)
					TypeCache.ScanAssembly (409ms)
				ResolveRequiredComponents (7ms)
		FinalizeReload (0ms)
			ReleaseScriptCaches (0ms)
			RebuildScriptCaches (0ms)
			SetupLoadedEditorAssemblies (676ms)
				LogAssemblyErrors (0ms)
				InitializePlatformSupportModulesInManaged (40ms)
				SetLoadedEditorAssemblies (7ms)
				RefreshPlugins (0ms)
				BeforeProcessingInitializeOnLoad (115ms)
				ProcessInitializeOnLoadAttributes (448ms)
				ProcessInitializeOnLoadMethodAttributes (62ms)
				AfterProcessingInitializeOnLoad (5ms)
				EditorAssembliesLoaded (0ms)
			ExecutionOrderSort2 (0ms)
			AwakeInstancesAfterBackupRestoration (10ms)
Launched and connected shader compiler UnityShaderCompiler.exe after 0.09 seconds
Refreshing native plugins compatible for Editor in 16.82 ms, found 4 plugins.
Preloading 0 native plugins for Editor in 0.00 ms.
Unloading 4098 Unused Serialized files (Serialized files now loaded: 0)
Unloading 85 unused Assets / (82.3 KB). Loaded Objects now: 4548.
Memory consumption went from 134.7 MB to 134.6 MB.
Total: 12.733000 ms (FindLiveObjects: 0.544200 ms CreateObjectMapping: 0.491500 ms MarkObjects: 11.323200 ms  DeleteObjects: 0.372000 ms)

AssetImportParameters requested are different than current active one (requested -> active):
  custom:container-demuxer-ogg: 62fdf1f143b41e24485cea50d1cbac27 -> 
  custom:video-decoder-ogg-theora: a1e56fd34408186e4bbccfd4996cb3dc -> 
  custom:framework-win-MediaFoundation: 216162199b28c13a410421893ffa2e32 -> 
  custom:container-demuxer-webm: 4f35f7cbe854078d1ac9338744f61a02 -> 
  custom:container-muxer-webm: aa71ff27fc2769a1b78a27578f13a17b -> 
  custom:video-decoder-webm-vp8: 9c59270c3fd7afecdb556c50c9e8de78 -> 
  custom:AudioImporter_EditorPlatform: d09bf68614088b80899f8185d706f6e7 -> 
  custom:video-encoder-webm-vp8: eb34c28f22e8b96e1ab97ce403110664 -> 
  custom:audio-decoder-ogg-vorbis: bf7c407c2cedff20999df2af8eb42d56 -> 
  custom:audio-encoder-webm-vorbis: bf7c407c2cedff20999df2af8eb42d56 -> 
========================================================================
Received Prepare
Begin MonoManager ReloadAssembly
Symbol file LoadedFromMemory doesn't match image C:\Users\Phoenix\Desktop\Unity Upload\Bingo-Lucky-Pary\Library\PackageCache\com.unity.visualscripting@1.8.0\Editor\VisualScripting.Core\Dependencies\YamlDotNet\Unity.VisualScripting.YamlDotNet.dll
Symbol file LoadedFromMemory doesn't match image C:\Users\Phoenix\Desktop\Unity Upload\Bingo-Lucky-Pary\Library\PackageCache\com.unity.visualscripting@1.8.0\Editor\VisualScripting.Core\Dependencies\DotNetZip\Unity.VisualScripting.IonicZip.dll
- Loaded All Assemblies, in  1.141 seconds
Refreshing native plugins compatible for Editor in 11.63 ms, found 4 plugins.
Native extension for WindowsStandalone target not found
Native extension for AppleTV target not found
Native extension for iOS target not found
Native extension for Android target not found
Mono: successfully reloaded assembly
- Finished resetting the current domain, in  1.388 seconds
Domain Reload Profiling:
	ReloadAssembly (350ms)
		BeginReloadAssembly (231ms)
			ExecutionOrderSort (0ms)
			DisableScriptedObjects (11ms)
			BackupInstance (0ms)
			ReleaseScriptingObjects (0ms)
			CreateAndSetChildDomain (60ms)
		LoadAllAssembliesAndSetupDomain (787ms)
			LoadAssemblies (479ms)
			RebuildTransferFunctionScriptingTraits (0ms)
			SetupTypeCache (403ms)
				TypeCache.Initialize (396ms)
					TypeCache.ScanAssembly (385ms)
				ResolveRequiredComponents (7ms)
		FinalizeReload (0ms)
			ReleaseScriptCaches (0ms)
			RebuildScriptCaches (0ms)
			SetupLoadedEditorAssemblies (592ms)
				LogAssemblyErrors (0ms)
				InitializePlatformSupportModulesInManaged (39ms)
				SetLoadedEditorAssemblies (9ms)
				RefreshPlugins (0ms)
				BeforeProcessingInitializeOnLoad (114ms)
				ProcessInitializeOnLoadAttributes (385ms)
				ProcessInitializeOnLoadMethodAttributes (41ms)
				AfterProcessingInitializeOnLoad (4ms)
				EditorAssembliesLoaded (0ms)
			ExecutionOrderSort2 (0ms)
			AwakeInstancesAfterBackupRestoration (24ms)
Refreshing native plugins compatible for Editor in 16.05 ms, found 4 plugins.
Preloading 0 native plugins for Editor in 0.00 ms.
Unloading 4087 Unused Serialized files (Serialized files now loaded: 0)
Unloading 59 unused Assets / (54.0 KB). Loaded Objects now: 4551.
Memory consumption went from 131.7 MB to 131.6 MB.
Total: 12.777200 ms (FindLiveObjects: 0.533300 ms CreateObjectMapping: 0.489400 ms MarkObjects: 11.575100 ms  DeleteObjects: 0.177400 ms)

Prepare: number of updated asset objects reloaded= 0
AssetImportParameters requested are different than current active one (requested -> active):
  custom:container-demuxer-ogg: 62fdf1f143b41e24485cea50d1cbac27 -> 
  custom:video-decoder-ogg-theora: a1e56fd34408186e4bbccfd4996cb3dc -> 
  custom:framework-win-MediaFoundation: 216162199b28c13a410421893ffa2e32 -> 
  custom:container-demuxer-webm: 4f35f7cbe854078d1ac9338744f61a02 -> 
  custom:container-muxer-webm: aa71ff27fc2769a1b78a27578f13a17b -> 
  custom:video-decoder-webm-vp8: 9c59270c3fd7afecdb556c50c9e8de78 -> 
  custom:AudioImporter_EditorPlatform: d09bf68614088b80899f8185d706f6e7 -> 
  custom:video-encoder-webm-vp8: eb34c28f22e8b96e1ab97ce403110664 -> 
  custom:audio-decoder-ogg-vorbis: bf7c407c2cedff20999df2af8eb42d56 -> 
  custom:audio-encoder-webm-vorbis: bf7c407c2cedff20999df2af8eb42d56 -> 
========================================================================
Received Prepare
Begin MonoManager ReloadAssembly
Symbol file LoadedFromMemory doesn't match image C:\Users\Phoenix\Desktop\Unity Upload\Bingo-Lucky-Pary\Library\PackageCache\com.unity.visualscripting@1.8.0\Editor\VisualScripting.Core\Dependencies\YamlDotNet\Unity.VisualScripting.YamlDotNet.dll
Symbol file LoadedFromMemory doesn't match image C:\Users\Phoenix\Desktop\Unity Upload\Bingo-Lucky-Pary\Library\PackageCache\com.unity.visualscripting@1.8.0\Editor\VisualScripting.Core\Dependencies\DotNetZip\Unity.VisualScripting.IonicZip.dll
- Loaded All Assemblies, in  1.172 seconds
Refreshing native plugins compatible for Editor in 12.14 ms, found 4 plugins.
Native extension for WindowsStandalone target not found
Native extension for AppleTV target not found
Native extension for iOS target not found
Native extension for Android target not found
Mono: successfully reloaded assembly
- Finished resetting the current domain, in  1.327 seconds
Domain Reload Profiling:
	ReloadAssembly (354ms)
		BeginReloadAssembly (224ms)
			ExecutionOrderSort (0ms)
			DisableScriptedObjects (9ms)
			BackupInstance (0ms)
			ReleaseScriptingObjects (0ms)
			CreateAndSetChildDomain (68ms)
		LoadAllAssembliesAndSetupDomain (812ms)
			LoadAssemblies (517ms)
			RebuildTransferFunctionScriptingTraits (0ms)
			SetupTypeCache (393ms)
				TypeCache.Initialize (385ms)
					TypeCache.ScanAssembly (377ms)
				ResolveRequiredComponents (8ms)
		FinalizeReload (0ms)
			ReleaseScriptCaches (0ms)
			RebuildScriptCaches (0ms)
			SetupLoadedEditorAssemblies (575ms)
				LogAssemblyErrors (0ms)
				InitializePlatformSupportModulesInManaged (50ms)
				SetLoadedEditorAssemblies (15ms)
				RefreshPlugins (0ms)
				BeforeProcessingInitializeOnLoad (119ms)
				ProcessInitializeOnLoadAttributes (337ms)
				ProcessInitializeOnLoadMethodAttributes (46ms)
				AfterProcessingInitializeOnLoad (8ms)
				EditorAssembliesLoaded (0ms)
			ExecutionOrderSort2 (0ms)
			AwakeInstancesAfterBackupRestoration (24ms)
Refreshing native plugins compatible for Editor in 13.57 ms, found 4 plugins.
Preloading 0 native plugins for Editor in 0.00 ms.
Unloading 4087 Unused Serialized files (Serialized files now loaded: 0)
Unloading 59 unused Assets / (54.0 KB). Loaded Objects now: 4554.
Memory consumption went from 131.7 MB to 131.6 MB.
Total: 10.056800 ms (FindLiveObjects: 0.527100 ms CreateObjectMapping: 0.480800 ms MarkObjects: 8.906700 ms  DeleteObjects: 0.140300 ms)

Prepare: number of updated asset objects reloaded= 0
AssetImportParameters requested are different than current active one (requested -> active):
  custom:container-demuxer-ogg: 62fdf1f143b41e24485cea50d1cbac27 -> 
  custom:video-decoder-ogg-theora: a1e56fd34408186e4bbccfd4996cb3dc -> 
  custom:framework-win-MediaFoundation: 216162199b28c13a410421893ffa2e32 -> 
  custom:container-demuxer-webm: 4f35f7cbe854078d1ac9338744f61a02 -> 
  custom:container-muxer-webm: aa71ff27fc2769a1b78a27578f13a17b -> 
  custom:video-decoder-webm-vp8: 9c59270c3fd7afecdb556c50c9e8de78 -> 
  custom:AudioImporter_EditorPlatform: d09bf68614088b80899f8185d706f6e7 -> 
  custom:video-encoder-webm-vp8: eb34c28f22e8b96e1ab97ce403110664 -> 
  custom:audio-decoder-ogg-vorbis: bf7c407c2cedff20999df2af8eb42d56 -> 
  custom:audio-encoder-webm-vorbis: bf7c407c2cedff20999df2af8eb42d56 -> 
========================================================================
Received Import Request.
  Time since last request: 15944.968903 seconds.
  path: Assets/bingo_field/bingo interface/Artboard 2.png
  artifactKey: Guid(01b2b8c3a2ce17a4094885e2b4b26c49) Importer(815301076,1909f56bfc062723c751e8b465ee728b)
Start importing Assets/bingo_field/bingo interface/Artboard 2.png using Guid(01b2b8c3a2ce17a4094885e2b4b26c49) Importer(815301076,1909f56bfc062723c751e8b465ee728b)  -> (artifact id: 'fdc684793e528b9c3882e1448ba8f456') in 0.200230 seconds 
Number of updated asset objects reloaded before import = 0
Number of asset objects unloaded after import = 3
========================================================================
Received Import Request.
  Time since last request: 0.000028 seconds.
  path: Assets/bingo_field/bingo interface/B.png
  artifactKey: Guid(eb70fab7fce674b42b4ba7945673d773) Importer(815301076,1909f56bfc062723c751e8b465ee728b)
Start importing Assets/bingo_field/bingo interface/B.png using Guid(eb70fab7fce674b42b4ba7945673d773) Importer(815301076,1909f56bfc062723c751e8b465ee728b)  -> (artifact id: '2fd8fa6d7524bbacee79a16c48fa7cf5') in 0.053200 seconds 
Number of updated asset objects reloaded before import = 0
Number of asset objects unloaded after import = 3
========================================================================
Received Import Request.
  Time since last request: 0.000029 seconds.
  path: Assets/bingo_field/bingo interface/Artboard 14.png
  artifactKey: Guid(b3401e279b803e8438c24b49a6687836) Importer(815301076,1909f56bfc062723c751e8b465ee728b)
Start importing Assets/bingo_field/bingo interface/Artboard 14.png using Guid(b3401e279b803e8438c24b49a6687836) Importer(815301076,1909f56bfc062723c751e8b465ee728b)  -> (artifact id: 'f8e894288cbd4b02a122b9e6975e8d01') in 0.038654 seconds 
Number of updated asset objects reloaded before import = 0
Number of asset objects unloaded after import = 3
========================================================================
Received Import Request.
  Time since last request: 0.000021 seconds.
  path: Assets/bingo_field/bingo interface/Artboard 20.png
  artifactKey: Guid(45cf6e3881ae2df4d8c108df41398b00) Importer(815301076,1909f56bfc062723c751e8b465ee728b)
Start importing Assets/bingo_field/bingo interface/Artboard 20.png using Guid(45cf6e3881ae2df4d8c108df41398b00) Importer(815301076,1909f56bfc062723c751e8b465ee728b)  -> (artifact id: '9a5f3fd2d33118c3c5fb864145a5f2d3') in 0.045071 seconds 
Number of updated asset objects reloaded before import = 0
Number of asset objects unloaded after import = 3
========================================================================
Received Import Request.
  Time since last request: 0.000018 seconds.
  path: Assets/bingo_field/bingo interface/Artboard 22.png
  artifactKey: Guid(d685904edd9faeb498452fc5fd336f12) Importer(815301076,1909f56bfc062723c751e8b465ee728b)
Start importing Assets/bingo_field/bingo interface/Artboard 22.png using Guid(d685904edd9faeb498452fc5fd336f12) Importer(815301076,1909f56bfc062723c751e8b465ee728b)  -> (artifact id: 'f73a1d996dc51b866e8e13c1c263be6f') in 0.034373 seconds 
Number of updated asset objects reloaded before import = 0
Number of asset objects unloaded after import = 3
========================================================================
Received Import Request.
  Time since last request: 0.000018 seconds.
  path: Assets/bingo_field/bingo interface/boc1 copy.png
  artifactKey: Guid(254259dee97f50e46b74ffc0d5079398) Importer(815301076,1909f56bfc062723c751e8b465ee728b)
Start importing Assets/bingo_field/bingo interface/boc1 copy.png using Guid(254259dee97f50e46b74ffc0d5079398) Importer(815301076,1909f56bfc062723c751e8b465ee728b)  -> (artifact id: 'c2e9f6cd1948b611c5468946593acc73') in 0.034603 seconds 
Number of updated asset objects reloaded before import = 0
Number of asset objects unloaded after import = 3
========================================================================
Received Import Request.
  Time since last request: 0.000111 seconds.
  path: Assets/bingo_field/bingo interface/Artboard 13.png
  artifactKey: Guid(6ab9bf2c55fa89943ad8dce4df7777bc) Importer(815301076,1909f56bfc062723c751e8b465ee728b)
Start importing Assets/bingo_field/bingo interface/Artboard 13.png using Guid(6ab9bf2c55fa89943ad8dce4df7777bc) Importer(815301076,1909f56bfc062723c751e8b465ee728b)  -> (artifact id: '04976ccc4e6ee78b2a3e2b8aeec41285') in 0.038201 seconds 
Number of updated asset objects reloaded before import = 0
Number of asset objects unloaded after import = 3
========================================================================
Received Import Request.
  Time since last request: 0.000019 seconds.
  path: Assets/bingo_field/bingo interface/setting.png
  artifactKey: Guid(be15e51d961bb95468bccd9b50463732) Importer(815301076,1909f56bfc062723c751e8b465ee728b)
Start importing Assets/bingo_field/bingo interface/setting.png using Guid(be15e51d961bb95468bccd9b50463732) Importer(815301076,1909f56bfc062723c751e8b465ee728b)  -> (artifact id: 'df862f5a95993aae1866caede09e0adf') in 0.041224 seconds 
Number of updated asset objects reloaded before import = 0
Number of asset objects unloaded after import = 3
========================================================================
Received Import Request.
  Time since last request: 0.000039 seconds.
  path: Assets/bingo_field/bingo interface/Artboard 16.png
  artifactKey: Guid(9aef60851601241418a98a5784ba8616) Importer(815301076,1909f56bfc062723c751e8b465ee728b)
Start importing Assets/bingo_field/bingo interface/Artboard 16.png using Guid(9aef60851601241418a98a5784ba8616) Importer(815301076,1909f56bfc062723c751e8b465ee728b)  -> (artifact id: '2d726229127dcf808bf53da911e7306d') in 0.038013 seconds 
Number of updated asset objects reloaded before import = 0
Number of asset objects unloaded after import = 3
========================================================================
Received Import Request.
  Time since last request: 0.000039 seconds.
  path: Assets/bingo_field/bingo interface/Artboard 23.png
  artifactKey: Guid(95006f4432cf22049a93aa33c7022ec3) Importer(815301076,1909f56bfc062723c751e8b465ee728b)
Start importing Assets/bingo_field/bingo interface/Artboard 23.png using Guid(95006f4432cf22049a93aa33c7022ec3) Importer(815301076,1909f56bfc062723c751e8b465ee728b)  -> (artifact id: 'b424ce13afc6692630a537c9d3bb8ec9') in 0.043669 seconds 
Number of updated asset objects reloaded before import = 0
Number of asset objects unloaded after import = 3
========================================================================
Received Import Request.
  Time since last request: 4.164794 seconds.
  path: Assets/bingo_field/ui/boom 2.png
  artifactKey: Guid(2a58f9d6ba96262468e32f014dfd70b7) Importer(815301076,1909f56bfc062723c751e8b465ee728b)
Start importing Assets/bingo_field/ui/boom 2.png using Guid(2a58f9d6ba96262468e32f014dfd70b7) Importer(815301076,1909f56bfc062723c751e8b465ee728b)  -> (artifact id: '08b18dc6f39e00f8249f8e657a77c72a') in 0.158235 seconds 
Number of updated asset objects reloaded before import = 0
Number of asset objects unloaded after import = 3
========================================================================
Received Import Request.
  Time since last request: 0.000028 seconds.
  path: Assets/bingo_field/ui/lOGO 2.png
  artifactKey: Guid(a956a1d1d85a37249af57f9e0b331019) Importer(815301076,1909f56bfc062723c751e8b465ee728b)
Start importing Assets/bingo_field/ui/lOGO 2.png using Guid(a956a1d1d85a37249af57f9e0b331019) Importer(815301076,1909f56bfc062723c751e8b465ee728b)  -> (artifact id: '6112879d086ce01e0c0bb9a95c99de6d') in 0.050209 seconds 
Number of updated asset objects reloaded before import = 0
Number of asset objects unloaded after import = 3
========================================================================
Received Import Request.
  Time since last request: 0.000047 seconds.
  path: Assets/bingo_field/ui/start.png
  artifactKey: Guid(7cadf6a40bccb144ca3592682bbbe8ae) Importer(815301076,1909f56bfc062723c751e8b465ee728b)
Start importing Assets/bingo_field/ui/start.png using Guid(7cadf6a40bccb144ca3592682bbbe8ae) Importer(815301076,1909f56bfc062723c751e8b465ee728b)  -> (artifact id: '5480e197ef02fd62b63754a1089a8873') in 0.032410 seconds 
Number of updated asset objects reloaded before import = 0
Number of asset objects unloaded after import = 3
========================================================================
Received Import Request.
  Time since last request: 0.000020 seconds.
  path: Assets/bingo_field/ui/quit.png
  artifactKey: Guid(0cb427ae3742e5f4f96fa0ecffc03a66) Importer(815301076,1909f56bfc062723c751e8b465ee728b)
Start importing Assets/bingo_field/ui/quit.png using Guid(0cb427ae3742e5f4f96fa0ecffc03a66) Importer(815301076,1909f56bfc062723c751e8b465ee728b)  -> (artifact id: 'a305f919e998af42d0dbaeef0aa737bf') in 0.057858 seconds 
Number of updated asset objects reloaded before import = 0
Number of asset objects unloaded after import = 3
========================================================================
Received Import Request.
  Time since last request: 147.626390 seconds.
  path: Assets/bingo_field/Icon all Size/72 x 72.png
  artifactKey: Guid(4d0906f48ea401e418b24a2ab69fd6a2) Importer(815301076,1909f56bfc062723c751e8b465ee728b)
Start importing Assets/bingo_field/Icon all Size/72 x 72.png using Guid(4d0906f48ea401e418b24a2ab69fd6a2) Importer(815301076,1909f56bfc062723c751e8b465ee728b)  -> (artifact id: 'e981dab988a1433abe6b62930e43e6c9') in 0.040109 seconds 
Number of updated asset objects reloaded before import = 0
Number of asset objects unloaded after import = 3
========================================================================
Received Import Request.
  Time since last request: 0.000065 seconds.
  path: Assets/bingo_field/Icon all Size/512 x 512.png
  artifactKey: Guid(ea5ed29841f77e942909293eeaaf8174) Importer(815301076,1909f56bfc062723c751e8b465ee728b)
Start importing Assets/bingo_field/Icon all Size/512 x 512.png using Guid(ea5ed29841f77e942909293eeaaf8174) Importer(815301076,1909f56bfc062723c751e8b465ee728b)  -> (artifact id: 'db0d7d8a58860835b44f1fb5a7260204') in 0.034565 seconds 
Number of updated asset objects reloaded before import = 0
Number of asset objects unloaded after import = 3
========================================================================
Received Import Request.
  Time since last request: 0.000028 seconds.
  path: Assets/bingo_field/Icon all Size/1024 x 1024.png
  artifactKey: Guid(133cf1def7c376940922918adbca29f1) Importer(815301076,1909f56bfc062723c751e8b465ee728b)
Start importing Assets/bingo_field/Icon all Size/1024 x 1024.png using Guid(133cf1def7c376940922918adbca29f1) Importer(815301076,1909f56bfc062723c751e8b465ee728b)  -> (artifact id: 'b066b06671889fd0743c840bcbd7ec44') in 0.066254 seconds 
Number of updated asset objects reloaded before import = 0
Number of asset objects unloaded after import = 3
========================================================================
Received Import Request.
  Time since last request: 0.000132 seconds.
  path: Assets/bingo_field/Icon all Size/96 x 96.png
  artifactKey: Guid(dd0b68bbd08c473479c70b5f1a588e0d) Importer(815301076,1909f56bfc062723c751e8b465ee728b)
Start importing Assets/bingo_field/Icon all Size/96 x 96.png using Guid(dd0b68bbd08c473479c70b5f1a588e0d) Importer(815301076,1909f56bfc062723c751e8b465ee728b)  -> (artifact id: '811cd2deb0443e4d9eabe67b6a4af653') in 0.041810 seconds 
Number of updated asset objects reloaded before import = 0
Number of asset objects unloaded after import = 3
Editor requested this worker to shutdown with reason: Scaling down because of idle timeout
TcpMessagingSession - receive error: operation aborted. errorcode: 995, details: The I/O operation has been aborted because of either a thread exit or an application request.
AssetImportWorker is now disconnected from the server
Process exiting
Exiting without the bug reporter. Application will terminate with return code 0